-------------------------------------------------------------------------------
Test set: com.automation.test.RunnerTest
-------------------------------------------------------------------------------
Tests run: 42, Failures: 0, Errors: 2, Skipped: 8, Time elapsed: 102.688 s <<< FAILURE! - in com.automation.test.RunnerTest
Scenario: Product Shopping-End to end.Then User Clicks on the Shoe Size  Time elapsed: 0.007 s  <<< ERROR!
java.lang.IndexOutOfBoundsException: Index 0 out of bounds for length 0

Scenario: Product Shopping-End to end  Time elapsed: 0.008 s  <<< ERROR!
java.lang.IndexOutOfBoundsException: Index 0 out of bounds for length 0

