<?xml version="1.0" encoding="UTF-8"?>
<testsuite xmlns:xsi="http://www.w3.org/2001/XMLSchema-instance" xsi:schemaLocation="https://maven.apache.org/surefire/maven-surefire-plugin/xsd/surefire-test-report.xsd" name="com.automation.test.RunnerTest" time="14.71" tests="2" errors="0" skipped="0" failures="0">
  <properties>
[...]
</properties>
  <testcase name="Given User is navigated to Addidas webpage" classname="Scenario: Title of your scenario" time="0.001"/>
  <testcase name="Scenario: Title of your scenario" classname="Scenario: Title of your scenario" time="4.235"/>
</testsuite>