<?xml version="1.0" encoding="UTF-8"?>
<testsuite xmlns:xsi="http://www.w3.org/2001/XMLSchema-instance" xsi:noNamespaceSchemaLocation="https://maven.apache.org/surefire/maven-surefire-plugin/xsd/surefire-test-report-3.0.xsd" version="3.0" name="com.automation.test.RunnerTest" time="102.688" tests="42" errors="2" skipped="8" failures="0">
  <properties>
[...]
</properties>
  <testcase name="Given User is on the desired page" classname="| tomsmith | SuperSecretPassword! |" time="0.001">
    <system-err><![CDATA[Starting ChromeDriver 89.0.4389.23 (61b08ee2c50024bab004e48d2b1b083cdbdac579-refs/branch-heads/4389@{#294}) on port 10400
Only local connections are allowed.
Please see https://chromedriver.chromium.org/security-considerations for suggestions on keeping ChromeDriver safe.
ChromeDriver was started successfully.
[1621265500.084][WARNING]: Deprecated chrome option is ignored: useAutomationExtension
[1621265501.366][WARNING]: This version of ChromeDriver has not been tested with Chrome version 90.
]]></system-err>
  </testcase>
  <testcase name="Then User clicks on the &quot;Form Authentication&quot; link" classname="| tomsmith | SuperSecretPassword! |" time="0">
    <system-out><![CDATA[the link is Form Authentication
]]></system-out>
  </testcase>
  <testcase name="And Provide &quot;tomsmith&quot; and &quot;SuperSecretPassword!&quot;" classname="| tomsmith | SuperSecretPassword! |" time="0">
    <system-out><![CDATA[Username istomsmithPassword is SuperSecretPassword!
]]></system-out>
  </testcase>
  <testcase name="Then Verify successful login" classname="| tomsmith | SuperSecretPassword! |" time="0">
    <system-out><![CDATA[2021-05-17 17:31:48,970 [main] INFO  (com.automation.test.StepDefinition:343:verify_successful_login) - Successful Login
]]></system-out>
  </testcase>
  <testcase name="" classname="| tomsmith | SuperSecretPassword! |" time="3.433"/>
  <testcase name="Given User is on the desired page" classname="| tomsmith | testfail |" time="0">
    <system-err><![CDATA[Starting ChromeDriver 89.0.4389.23 (61b08ee2c50024bab004e48d2b1b083cdbdac579-refs/branch-heads/4389@{#294}) on port 1819
Only local connections are allowed.
Please see https://chromedriver.chromium.org/security-considerations for suggestions on keeping ChromeDriver safe.
ChromeDriver was started successfully.
[1621265513.336][WARNING]: Deprecated chrome option is ignored: useAutomationExtension
[1621265514.698][WARNING]: This version of ChromeDriver has not been tested with Chrome version 90.
]]></system-err>
  </testcase>
  <testcase name="Then User clicks on the &quot;Form Authentication&quot; link" classname="| tomsmith | testfail |" time="0">
    <system-out><![CDATA[the link is Form Authentication
]]></system-out>
  </testcase>
  <testcase name="And Provide &quot;tomsmith&quot; and &quot;testfail&quot;" classname="| tomsmith | testfail |" time="0">
    <system-out><![CDATA[Username istomsmithPassword is testfail
]]></system-out>
  </testcase>
  <testcase name="Then Verify successful login" classname="| tomsmith | testfail |" time="0">
    <system-out><![CDATA[Login ErrorYour password is invalid!
×
2021-05-17 17:32:00,705 [main] INFO  (com.automation.test.StepDefinition:349:verify_successful_login) - Your password is invalid!
×
]]></system-out>
  </testcase>
  <testcase name="" classname="| tomsmith | testfail |" time="2.234"/>
  <testcase name="Given User is on the desired page" classname="| test | test |" time="0">
    <system-err><![CDATA[Starting ChromeDriver 89.0.4389.23 (61b08ee2c50024bab004e48d2b1b083cdbdac579-refs/branch-heads/4389@{#294}) on port 11235
Only local connections are allowed.
Please see https://chromedriver.chromium.org/security-considerations for suggestions on keeping ChromeDriver safe.
ChromeDriver was started successfully.
[1621265524.052][WARNING]: Deprecated chrome option is ignored: useAutomationExtension
[1621265525.589][WARNING]: This version of ChromeDriver has not been tested with Chrome version 90.
]]></system-err>
  </testcase>
  <testcase name="Then User clicks on the &quot;Form Authentication&quot; link" classname="| test | test |" time="0">
    <system-out><![CDATA[the link is Form Authentication
]]></system-out>
  </testcase>
  <testcase name="And Provide &quot;test&quot; and &quot;test&quot;" classname="| test | test |" time="0">
    <system-out><![CDATA[Username istestPassword is test
]]></system-out>
  </testcase>
  <testcase name="Then Verify successful login" classname="| test | test |" time="0">
    <system-out><![CDATA[Login ErrorYour username is invalid!
×
2021-05-17 17:32:11,937 [main] INFO  (com.automation.test.StepDefinition:349:verify_successful_login) - Your username is invalid!
×
]]></system-out>
  </testcase>
  <testcase name="" classname="| test | test |" time="3.124"/>
  <testcase name="Given User is navigated to Adidas webpage" classname="Scenario: Product Shopping-End to end" time="0">
    <system-err><![CDATA[Starting ChromeDriver 89.0.4389.23 (61b08ee2c50024bab004e48d2b1b083cdbdac579-refs/branch-heads/4389@{#294}) on port 24975
Only local connections are allowed.
Please see https://chromedriver.chromium.org/security-considerations for suggestions on keeping ChromeDriver safe.
ChromeDriver was started successfully.
[1621265536.096][WARNING]: Deprecated chrome option is ignored: useAutomationExtension
[1621265537.518][WARNING]: This version of ChromeDriver has not been tested with Chrome version 90.
]]></system-err>
  </testcase>
  <testcase name="When Click on the running link" classname="Scenario: Product Shopping-End to end" time="0"/>
  <testcase name="Then User Clicks on the first product" classname="Scenario: Product Shopping-End to end" time="0">
    <system-out><![CDATA[2021-05-17 17:32:39,563 [main] INFO  (com.automation.test.StepDefinition:106:user_Clicks_on_the_first_product) - Check if the selector is clicked ULTRABOOST 21 SHOES
]]></system-out>
  </testcase>
  <testcase name="And User is navigated to Product Page" classname="Scenario: Product Shopping-End to end" time="0"/>
  <testcase name="Then User Clicks on the Shoe Size" classname="Scenario: Product Shopping-End to end" time="0.007">
    <error message="Index 0 out of bounds for length 0" type="java.lang.IndexOutOfBoundsException"><![CDATA[java.lang.IndexOutOfBoundsException: Index 0 out of bounds for length 0
]]></error>
  </testcase>
  <testcase name="" classname="Scenario: Product Shopping-End to end" time="0.008">
    <error message="Index 0 out of bounds for length 0" type="java.lang.IndexOutOfBoundsException"><![CDATA[java.lang.IndexOutOfBoundsException: Index 0 out of bounds for length 0
]]></error>
  </testcase>
  <testcase name="And User Adds the item to the Bag 2 times" classname="Scenario: Product Shopping-End to end" time="0">
    <skipped/>
  </testcase>
  <testcase name="When Customers Bag is properly populated" classname="Scenario: Product Shopping-End to end" time="0">
    <skipped/>
  </testcase>
  <testcase name="Then Click to check the Your Bag page" classname="Scenario: Product Shopping-End to end" time="0">
    <skipped/>
  </testcase>
  <testcase name="When Customer checks out" classname="Scenario: Product Shopping-End to end" time="0">
    <skipped/>
  </testcase>
  <testcase name="Then Verify if Customer is on Delivery page" classname="Scenario: Product Shopping-End to end" time="0">
    <skipped/>
  </testcase>
  <testcase name="Then Customer selects From A Collection Point" classname="Scenario: Product Shopping-End to end" time="0">
    <skipped/>
  </testcase>
  <testcase name="And Enter location as &quot;London&quot;" classname="Scenario: Product Shopping-End to end" time="0">
    <skipped/>
  </testcase>
  <testcase name="And Verify the correct collection points is selected" classname="Scenario: Product Shopping-End to end" time="0">
    <skipped/>
  </testcase>
  <testcase name="Given User is on the desired page" classname="Scenario: Dropdown Selection" time="0">
    <system-err><![CDATA[Starting ChromeDriver 89.0.4389.23 (61b08ee2c50024bab004e48d2b1b083cdbdac579-refs/branch-heads/4389@{#294}) on port 33349
Only local connections are allowed.
Please see https://chromedriver.chromium.org/security-considerations for suggestions on keeping ChromeDriver safe.
ChromeDriver was started successfully.
[1621265573.350][WARNING]: Deprecated chrome option is ignored: useAutomationExtension
[1621265574.736][WARNING]: This version of ChromeDriver has not been tested with Chrome version 90.
]]></system-err>
  </testcase>
  <testcase name="Then click on the link &quot;Dropdown&quot;" classname="Scenario: Dropdown Selection" time="0"/>
  <testcase name="Then select dropdown field value" classname="Scenario: Dropdown Selection" time="0"/>
  <testcase name="And pass the value as &quot;Option 2&quot;" classname="Scenario: Dropdown Selection" time="0"/>
  <testcase name="" classname="Scenario: Dropdown Selection" time="2.213"/>
  <testcase name="Given User is on the desired page" classname="Scenario: Checkbox Selection" time="0">
    <system-err><![CDATA[Starting ChromeDriver 89.0.4389.23 (61b08ee2c50024bab004e48d2b1b083cdbdac579-refs/branch-heads/4389@{#294}) on port 20276
Only local connections are allowed.
Please see https://chromedriver.chromium.org/security-considerations for suggestions on keeping ChromeDriver safe.
ChromeDriver was started successfully.
[1621265582.683][WARNING]: Deprecated chrome option is ignored: useAutomationExtension
[1621265584.125][WARNING]: This version of ChromeDriver has not been tested with Chrome version 90.
]]></system-err>
  </testcase>
  <testcase name="Then click on the link &quot;Checkboxes&quot;" classname="Scenario: Checkbox Selection" time="0"/>
  <testcase name="" classname="Scenario: Checkbox Selection" time="2.152"/>
  <testcase name="Given User is on the desired page" classname="Scenario: AddDelete Button" time="0">
    <system-err><![CDATA[Starting ChromeDriver 89.0.4389.23 (61b08ee2c50024bab004e48d2b1b083cdbdac579-refs/branch-heads/4389@{#294}) on port 42998
Only local connections are allowed.
Please see https://chromedriver.chromium.org/security-considerations for suggestions on keeping ChromeDriver safe.
ChromeDriver was started successfully.
[1621265591.620][WARNING]: Deprecated chrome option is ignored: useAutomationExtension
[1621265592.843][WARNING]: This version of ChromeDriver has not been tested with Chrome version 90.
]]></system-err>
  </testcase>
  <testcase name="Then click on the link &quot;Add/Remove Elements&quot;" classname="Scenario: AddDelete Button" time="0"/>
  <testcase name="Then Add Element 3 times" classname="Scenario: AddDelete Button" time="0"/>
  <testcase name="And Check the Delete button count" classname="Scenario: AddDelete Button" time="0"/>
  <testcase name="" classname="Scenario: AddDelete Button" time="1.798"/>
</testsuite>